<?xml version="1.0" encoding="UTF-8"?>
<!-- Generated by org.testng.reporters.JUnitXMLReporter -->
<testsuite ignored="0" hostname="Users-MacBook-Pro.local" failures="0" tests="2" name="Test" time="0.079" errors="0" timestamp="02 Nov 2022 20:04:11 GMT">
  <testcase classname="com.softwaretestingboard.magento.miniproject.RegistrationTest" name="@BeforeTest setup" time="0.054">
    <failure type="java.lang.IllegalStateException" message="The driver is not executable: /Users/user/Desktop/Resources/workspace/miniproject/src/main/java/drivers/chromedriver">
      <![CDATA[java.lang.IllegalStateException: The driver is not executable: /Users/user/Desktop/Resources/workspace/miniproject/src/main/java/drivers/chromedriver
at com.google.common.base.Preconditions.checkState(Preconditions.java:585)
at org.openqa.selenium.remote.service.DriverService.checkExecutable(DriverService.java:150)
at org.openqa.selenium.remote.service.DriverService.findExecutable(DriverService.java:141)
at org.openqa.selenium.chrome.ChromeDriverService.access$000(ChromeDriverService.java:35)
at org.openqa.selenium.chrome.ChromeDriverService$Builder.findDefaultExecutable(ChromeDriverService.java:159)
at org.openqa.selenium.remote.service.DriverService$Builder.build(DriverService.java:355)
at org.openqa.selenium.chrome.ChromeDriverService.createDefaultService(ChromeDriverService.java:94)
at org.openqa.selenium.chrome.ChromeDriver.<init>(ChromeDriver.java:123)
at base.BasePage.getDriver(BasePage.java:34)
at com.softwaretestingboard.magento.miniproject.RegistrationTest.setup(RegistrationTest.java:30)
... Removed 24 stack frames]]>
    </failure>
  </testcase> <!-- @BeforeTest setup -->
  <testcase classname="com.softwaretestingboard.magento.miniproject.RegistrationTest" name="@BeforeClass RandomData" time="0.0">
    <skipped/>
  </testcase> <!-- @BeforeClass RandomData -->
  <testcase classname="com.softwaretestingboard.magento.miniproject.RegistrationTest" name="@AfterTest end" time="0.0">
    <skipped/>
  </testcase> <!-- @AfterTest end -->
  <testcase classname="com.softwaretestingboard.magento.miniproject.RegistrationTest" name="SignInTest" time="0.0">
    <skipped/>
  </testcase> <!-- SignInTest -->
  <testcase classname="com.softwaretestingboard.magento.miniproject.RegistrationTest" name="endToendTest" time="0.0">
    <skipped/>
  </testcase> <!-- endToendTest -->
</testsuite> <!-- Test -->
