<?xml version="1.0" encoding="UTF-8"?>
<!-- Generated by org.testng.reporters.JUnitXMLReporter -->
<testsuite ignored="0" hostname="Users-MacBook-Pro.local" failures="1" tests="5" name="Test" time="29.55" errors="0" timestamp="06 Nov 2022 16:04:18 GMT">
  <testcase classname="com.softwaretestingboard.magento.miniproject.CompleteTest" name="RegistrationTest" time="10.056"/>
  <testcase classname="com.softwaretestingboard.magento.miniproject.CompleteTest" name="LogInTest" time="2.65"/>
  <testcase classname="com.softwaretestingboard.magento.miniproject.CompleteTest" name="CheckPageFilters" time="3.312"/>
  <testcase classname="com.softwaretestingboard.magento.miniproject.CompleteTest" name="wishListControl" time="6.2">
    <failure type="java.lang.AssertionError" message="expected [2 items] but found [1 item]">
      <![CDATA[java.lang.AssertionError: expected [2 items] but found [1 item]
at com.softwaretestingboard.magento.miniproject.CompleteTest.wishListControl(CompleteTest.java:166)
... Removed 35 stack frames]]>
    </failure>
  </testcase> <!-- wishListControl -->
  <testcase classname="com.softwaretestingboard.magento.miniproject.CompleteTest" name="ShopCardTests" time="3.513"/>
</testsuite> <!-- Test -->
