<?xml version="1.0" encoding="UTF-8"?>
<testng-results ignored="0" total="5" passed="4" failed="1" skipped="0">
  <reporter-output>
  </reporter-output>
  <suite started-at="2022-11-06T16:03:48Z" name="Suite" finished-at="2022-11-06T16:04:18Z" duration-ms="29550">
    <groups>
    </groups>
    <test started-at="2022-11-06T16:03:48Z" name="Test" finished-at="2022-11-06T16:04:18Z" duration-ms="29550">
      <class name="com.softwaretestingboard.magento.miniproject.CompleteTest">
        <test-method is-config="true" signature="setup()[pri:0, instance:com.softwaretestingboard.magento.miniproject.CompleteTest@16a0ee18]" started-at="2022-11-06T16:03:48Z" name="setup" finished-at="2022-11-06T16:03:52Z" duration-ms="3626" status="PASS">
          <reporter-output>
          </reporter-output>
        </test-method> <!-- setup -->
        <test-method is-config="true" signature="generateData()[pri:0, instance:com.softwaretestingboard.magento.miniproject.CompleteTest@16a0ee18]" started-at="2022-11-06T16:03:52Z" name="generateData" finished-at="2022-11-06T16:03:52Z" duration-ms="1" status="PASS">
          <reporter-output>
          </reporter-output>
        </test-method> <!-- generateData -->
        <test-method signature="RegistrationTest()[pri:1, instance:com.softwaretestingboard.magento.miniproject.CompleteTest@16a0ee18]" started-at="2022-11-06T16:03:52Z" name="RegistrationTest" finished-at="2022-11-06T16:04:02Z" duration-ms="10056" status="PASS">
          <reporter-output>
          </reporter-output>
        </test-method> <!-- RegistrationTest -->
        <test-method signature="LogInTest()[pri:2, instance:com.softwaretestingboard.magento.miniproject.CompleteTest@16a0ee18]" started-at="2022-11-06T16:04:02Z" name="LogInTest" finished-at="2022-11-06T16:04:05Z" duration-ms="2650" status="PASS">
          <reporter-output>
          </reporter-output>
        </test-method> <!-- LogInTest -->
        <test-method signature="CheckPageFilters()[pri:3, instance:com.softwaretestingboard.magento.miniproject.CompleteTest@16a0ee18]" started-at="2022-11-06T16:04:05Z" name="CheckPageFilters" finished-at="2022-11-06T16:04:08Z" duration-ms="3312" status="PASS">
          <reporter-output>
          </reporter-output>
        </test-method> <!-- CheckPageFilters -->
        <test-method signature="wishListControl()[pri:4, instance:com.softwaretestingboard.magento.miniproject.CompleteTest@16a0ee18]" started-at="2022-11-06T16:04:08Z" name="wishListControl" finished-at="2022-11-06T16:04:14Z" duration-ms="6200" status="FAIL">
          <exception class="java.lang.AssertionError">
            <message>
              <![CDATA[expected [2 items] but found [1 item]]]>
            </message>
            <full-stacktrace>
              <![CDATA[java.lang.AssertionError: expected [2 items] but found [1 item]
at org.testng.Assert.fail(Assert.java:96)
at org.testng.Assert.failNotEquals(Assert.java:776)
at org.testng.Assert.assertEqualsImpl(Assert.java:137)
at org.testng.Assert.assertEquals(Assert.java:118)
at org.testng.Assert.assertEquals(Assert.java:453)
at org.testng.Assert.assertEquals(Assert.java:463)
at com.softwaretestingboard.magento.miniproject.CompleteTest.wishListControl(CompleteTest.java:166)
at java.base/jdk.internal.reflect.NativeMethodAccessorImpl.invoke0(Native Method)
at java.base/jdk.internal.reflect.NativeMethodAccessorImpl.invoke(NativeMethodAccessorImpl.java:77)
at java.base/jdk.internal.reflect.DelegatingMethodAccessorImpl.invoke(DelegatingMethodAccessorImpl.java:43)
at java.base/java.lang.reflect.Method.invoke(Method.java:568)
at org.testng.internal.MethodInvocationHelper.invokeMethod(MethodInvocationHelper.java:124)
at org.testng.internal.Invoker.invokeMethod(Invoker.java:583)
at org.testng.internal.Invoker.invokeTestMethod(Invoker.java:719)
at org.testng.internal.Invoker.invokeTestMethods(Invoker.java:989)
at org.testng.internal.TestMethodWorker.invokeTestMethods(TestMethodWorker.java:125)
at org.testng.internal.TestMethodWorker.run(TestMethodWorker.java:109)
at org.testng.TestRunner.privateRun(TestRunner.java:648)
at org.testng.TestRunner.run(TestRunner.java:505)
at org.testng.SuiteRunner.runTest(SuiteRunner.java:455)
at org.testng.SuiteRunner.runSequentially(SuiteRunner.java:450)
at org.testng.SuiteRunner.privateRun(SuiteRunner.java:415)
at org.testng.SuiteRunner.run(SuiteRunner.java:364)
at org.testng.SuiteRunnerWorker.runSuite(SuiteRunnerWorker.java:52)
at org.testng.SuiteRunnerWorker.run(SuiteRunnerWorker.java:84)
at org.testng.TestNG.runSuitesSequentially(TestNG.java:1208)
at org.testng.TestNG.runSuitesLocally(TestNG.java:1137)
at org.testng.TestNG.runSuites(TestNG.java:1049)
at org.testng.TestNG.run(TestNG.java:1017)
at org.apache.maven.surefire.testng.TestNGExecutor.run(TestNGExecutor.java:283)
at org.apache.maven.surefire.testng.TestNGXmlTestSuite.execute(TestNGXmlTestSuite.java:75)
at org.apache.maven.surefire.testng.TestNGProvider.invoke(TestNGProvider.java:120)
at org.apache.maven.surefire.booter.ForkedBooter.invokeProviderInSameClassLoader(ForkedBooter.java:384)
at org.apache.maven.surefire.booter.ForkedBooter.runSuitesInProcess(ForkedBooter.java:345)
at org.apache.maven.surefire.booter.ForkedBooter.execute(ForkedBooter.java:126)
at org.apache.maven.surefire.booter.ForkedBooter.main(ForkedBooter.java:418)
]]>
            </full-stacktrace>
          </exception> <!-- java.lang.AssertionError -->
          <reporter-output>
          </reporter-output>
        </test-method> <!-- wishListControl -->
        <test-method signature="ShopCardTests()[pri:5, instance:com.softwaretestingboard.magento.miniproject.CompleteTest@16a0ee18]" started-at="2022-11-06T16:04:14Z" name="ShopCardTests" finished-at="2022-11-06T16:04:18Z" duration-ms="3513" status="PASS">
          <reporter-output>
          </reporter-output>
        </test-method> <!-- ShopCardTests -->
        <test-method is-config="true" signature="end()[pri:0, instance:com.softwaretestingboard.magento.miniproject.CompleteTest@16a0ee18]" started-at="2022-11-06T16:04:18Z" name="end" finished-at="2022-11-06T16:04:18Z" duration-ms="171" status="PASS">
          <reporter-output>
          </reporter-output>
        </test-method> <!-- end -->
      </class> <!-- com.softwaretestingboard.magento.miniproject.CompleteTest -->
    </test> <!-- Test -->
  </suite> <!-- Suite -->
</testng-results>
